  (  )  (  )
  1  1  2  2


Parentheses do not match!

  (  )  (  )  (  )
  1  1  2  2  3  3


Parentheses do not match!


Parentheses do not match!

  (  )  (  )  (  (  )  (  )  )
  1  1  2  2  3  4  4  5  5  3

  (  (  )  (  )  )  (  )
  1  2  2  3  3  1  4  4

  (  (  )  (  )  )
  1  2  2  3  3  1

  (  (  (  )  )  )  (  (  )  )
  1  2  3  3  2  1  4  5  5  4


Parentheses do not match!

  (  (  (  (  )  )  )  (  )  (  )  )
  1  2  3  4  4  3  2  5  5  6  6  1


Parentheses do not match!

  (  )
  1  1

  (  (  )  )  (  (  )  )
  1  2  2  1  3  4  4  3

  (  (  )  )  (  )
  1  2  2  1  3  3


Parentheses do not match!


Parentheses do not match!

  (  (  (  )  (  )  )  (  )  )
  1  2  3  3  4  4  2  5  5  1

  (  (  (  (  )  (  )  )  )  )  (  )
  1  2  3  4  4  5  5  3  2  1  6  6


Parentheses do not match!

  (  (  )  )  (  )  (  (  )  )
  1  2  2  1  3  3  4  5  5  4

  (  (  (  )  (  )  )  )  (  )
  1  2  3  3  4  4  2  1  5  5


Parentheses do not match!

  (  (  (  )  )  (  )  )
  1  2  3  3  2  4  4  1


Parentheses do not match!

  (  )  (  (  )  (  (  (  )  )  )  )  (  )
  1  1  2  3  3  4  5  6  6  5  4  2  7  7

  (  (  )  (  (  (  )  (  )  )  )  (  )  )
  1  2  2  3  4  5  5  6  6  4  3  7  7  1

  (  )  (  (  (  )  )  (  )  )  (  )
  1  1  2  3  4  4  3  5  5  2  6  6

  (  )  (  (  )  (  )  )
  1  1  2  3  3  4  4  2


Parentheses do not match!

  (  (  (  (  )  )  )  )  (  )
  1  2  3  4  4  3  2  1  5  5

  (  )  (  )  (  )  (  (  (  )  )  )  (  )
  1  1  2  2  3  3  4  5  6  6  5  4  7  7

  (  (  (  )  (  (  )  )  (  )  )  (  )  )
  1  2  3  3  4  5  5  4  6  6  2  7  7  1


Parentheses do not match!

  (  (  (  )  )  )  (  )
  1  2  3  3  2  1  4  4

  (  )  (  (  (  (  )  )  )  (  )  )
  1  1  2  3  4  5  5  4  3  6  6  2

  (  (  )  (  (  (  )  )  )  (  )  )
  1  2  2  3  4  5  5  4  3  6  6  1


Parentheses do not match!

  (  )  (  (  (  )  (  (  )  )  )  (  )  )
  1  1  2  3  4  4  5  6  6  5  3  7  7  2

  (  (  )  )  (  (  )  (  )  (  )  (  )  )
  1  2  2  1  3  4  4  5  5  6  6  7  7  3


Parentheses do not match!


Parentheses do not match!

  (  (  )  )
  1  2  2  1


Parentheses do not match!


Parentheses do not match!

  (  )  (  )  (  (  (  (  )  )  )  )  (  )
  1  1  2  2  3  4  5  6  6  5  4  3  7  7

  (  (  (  (  (  (  )  )  )  )  (  )  )  (  )  )
  1  2  3  4  5  6  6  5  4  3  7  7  2  8  8  1

  (  )  (  (  )  )
  1  1  2  3  3  2


Parentheses do not match!

  (  (  (  (  )  (  )  )  )  (  )  )
  1  2  3  4  4  5  5  3  2  6  6  1

  (  )  (  (  )  )  (  )
  1  1  2  3  3  2  4  4

  (  (  )  )  (  )  (  (  )  (  )  )
  1  2  2  1  3  3  4  5  5  6  6  4

  (  (  (  (  (  )  )  (  )  )  )  (  )  )
  1  2  3  4  5  5  4  6  6  3  2  7  7  1

  (  (  (  (  (  )  )  (  )  )  )  )  (  )
  1  2  3  4  5  5  4  6  6  3  2  1  7  7

  (  (  (  (  )  )  )  )  (  )  (  )
  1  2  3  4  4  3  2  1  5  5  6  6


Parentheses do not match!


Parentheses do not match!


Parentheses do not match!

  (  (  )  )  (  (  (  (  )  )  )  )  (  )
  1  2  2  1  3  4  5  6  6  5  4  3  7  7

  (  )  (  (  )  )  (  )  (  )
  1  1  2  3  3  2  4  4  5  5

  (  (  (  )  (  (  )  (  )  (  )  )  )  )  (  )
  1  2  3  3  4  5  5  6  6  7  7  4  2  1  8  8

  (  (  (  (  (  )  )  )  )  (  )  (  )  )
  1  2  3  4  5  5  4  3  2  6  6  7  7  1

  (  (  (  (  )  (  (  )  )  )  )  (  )  )  (  )
  1  2  3  4  4  5  6  6  5  3  2  7  7  1  8  8

  (  (  (  )  (  (  )  )  )  (  )  )
  1  2  3  3  4  5  5  4  2  6  6  1

  (  )  (  (  (  )  )  )  (  )
  1  1  2  3  4  4  3  2  5  5


Parentheses do not match!

  (  (  (  (  )  )  (  (  )  (  )  )  (  )  )  )  (  )
  1  2  3  4  4  3  5  6  6  7  7  5  8  8  2  1  9  9


Parentheses do not match!

  (  (  (  (  (  )  )  )  (  )  )  )  (  )
  1  2  3  4  5  5  4  3  6  6  2  1  7  7


Parentheses do not match!

  (  (  )  (  )  (  )  )
  1  2  2  3  3  4  4  1


Parentheses do not match!


Parentheses do not match!


Parentheses do not match!

  (  (  (  )  )  (  (  )  )  (  )  )
  1  2  3  3  2  4  5  5  4  6  6  1


Parentheses do not match!


Parentheses do not match!

  (  (  (  )  (  )  )  (  (  (  )  )  )  (  )  (  )  )
  1  2  3  3  4  4  2  5  6  7  7  6  5  8  8  9  9  1


Parentheses do not match!

  (  (  (  )  (  (  )  )  )  (  )  )  (  )
  1  2  3  3  4  5  5  4  2  6  6  1  7  7


Parentheses do not match!


Parentheses do not match!


Parentheses do not match!


Parentheses do not match!

  (  (  (  (  )  )  )  (  )  )  (  )
  1  2  3  4  4  3  2  5  5  1  6  6


Parentheses do not match!


Parentheses do not match!


Parentheses do not match!


Parentheses do not match!

  (  (  )  (  (  (  (  )  (  )  )  (  )  )  )  (  )  )
  1  2  2  3  4  5  6  6  7  7  5  8  8  4  3  9  9  1

  (  )  (  (  )  (  )  )  (  )
  1  1  2  3  3  4  4  2  5  5


Parentheses do not match!

  (  (  (  (  (  (  )  (  )  )  )  )  )  (  )  )  (  )
  1  2  3  4  5  6  6  7  7  5  4  3  2  8  8  1  9  9

  (  (  )  )  (  )  (  )
  1  2  2  1  3  3  4  4

  (  (  )  (  (  )  (  )  )  )  (  )
  1  2  2  3  4  4  5  5  3  1  6  6


Parentheses do not match!

  (  (  )  )  (  (  (  )  (  )  (  )  )  )  (  )  (  )
  1  2  2  1  3  4  5  5  6  6  7  7  4  3  8  8  9  9


Parentheses do not match!

  (  (  (  )  (  (  (  (  )  )  )  (  )  )  )  (  )  )  (  )
  1  2  3  3  4  5  6  7  7  6  5  8  8  4  2  9  9  1 10 10

  (  (  (  (  )  )  (  (  )  )  )  (  )  )
  1  2  3  4  4  3  5  6  6  5  2  7  7  1

  (  (  (  (  )  )  (  (  )  (  (  )  )  )  )  (  )  (  )  )
  1  2  3  4  4  3  5  6  6  7  8  8  7  5  2  9  9 10 10  1

  (  )  (  (  )  (  )  (  )  )
  1  1  2  3  3  4  4  5  5  2


Parentheses do not match!


Parentheses do not match!

  (  (  )  (  (  (  (  (  )  )  )  (  )  )  )  )  (  )
  1  2  2  3  4  5  6  7  7  6  5  8  8  4  3  1  9  9


Parentheses do not match!


Parentheses do not match!


Parentheses do not match!


Parentheses do not match!

  (  (  )  )  (  (  )  (  )  )
  1  2  2  1  3  4  4  5  5  3


Parentheses do not match!

  (  (  )  (  (  (  )  )  )  )  (  (  )  )
  1  2  2  3  4  5  5  4  3  1  6  7  7  6


Parentheses do not match!

  (  (  (  (  )  (  )  )  )  (  )  (  )  )
  1  2  3  4  4  5  5  3  2  6  6  7  7  1


Parentheses do not match!

  (  (  (  (  )  (  (  (  )  )  )  )  (  )  )  (  )  )
  1  2  3  4  4  5  6  7  7  6  5  3  8  8  2  9  9  1


Parentheses do not match!

  (  (  (  (  )  )  )  (  (  (  )  (  )  )  )  (  )  )
  1  2  3  4  4  3  2  5  6  7  7  8  8  6  5  9  9  1

  (  (  (  )  (  (  )  )  (  )  )  )  (  )
  1  2  3  3  4  5  5  4  6  6  2  1  7  7

  (  (  (  (  (  (  )  )  (  (  )  )  )  )  )  )
  1  2  3  4  5  6  6  5  7  8  8  7  4  3  2  1


Parentheses do not match!


Parentheses do not match!

  (  (  )  )  (  )  (  (  (  (  )  (  )  )  )  (  )  )
  1  2  2  1  3  3  4  5  6  7  7  8  8  6  5  9  9  4

  (  (  (  (  (  )  )  (  )  (  )  )  )  )  (  )
  1  2  3  4  5  5  4  6  6  7  7  3  2  1  8  8

  (  (  (  (  (  (  )  )  (  )  )  (  )  )  )  )  (  )
  1  2  3  4  5  6  6  5  7  7  4  8  8  3  2  1  9  9


Parentheses do not match!

  (  )  (  (  (  (  (  (  )  )  )  )  (  )  )  (  )  )
  1  1  2  3  4  5  6  7  7  6  5  4  8  8  3  9  9  2

  (  (  (  (  (  (  )  )  )  (  )  )  )  )  (  )
  1  2  3  4  5  6  6  5  4  7  7  3  2  1  8  8


Parentheses do not match!

  (  (  (  )  (  )  (  (  (  )  )  (  )  )  )  )  (  )
  1  2  3  3  4  4  5  6  7  7  6  8  8  5  2  1  9  9


Parentheses do not match!

  (  (  (  (  (  )  (  (  )  )  )  )  )  (  )  (  )  )
  1  2  3  4  5  5  6  7  7  6  4  3  2  8  8  9  9  1

  (  (  (  (  (  (  )  (  )  (  )  )  )  )  (  )  )  )  (  )
  1  2  3  4  5  6  6  7  7  8  8  5  4  3  9  9  2  1 10 10

  (  (  (  (  (  )  )  )  )  )  (  (  )  )
  1  2  3  4  5  5  4  3  2  1  6  7  7  6

  (  (  (  )  (  (  (  (  (  )  )  )  (  )  )  (  )  )  )  (  )  )
  1  2  3  3  4  5  6  7  8  8  7  6  9  9  5 10 10  4  2 11 11  1


Parentheses do not match!

  (  )  (  (  (  (  (  (  )  )  )  (  )  )  (  (  )  )  )  )  (  )
  1  1  2  3  4  5  6  7  7  6  5  8  8  4  9 10 10  9  3  2 11 11

  (  (  (  )  )  (  )  (  )  )
  1  2  3  3  2  4  4  5  5  1

  (  )  (  )  (  (  (  (  )  )  )  (  (  )  )  )  (  )
  1  1  2  2  3  4  5  6  6  5  4  7  8  8  7  3  9  9

  (  (  (  (  (  )  )  )  )  (  )  )  (  )
  1  2  3  4  5  5  4  3  2  6  6  1  7  7

  (  (  (  )  (  )  (  )  )  (  )  )
  1  2  3  3  4  4  5  5  2  6  6  1


Parentheses do not match!

  (  (  )  (  (  (  (  )  (  (  )  )  )  )  )  (  )  )  (  )
  1  2  2  3  4  5  6  6  7  8  8  7  5  4  3  9  9  1 10 10

  (  )  (  (  (  (  (  )  )  )  (  )  )  )  (  )
  1  1  2  3  4  5  6  6  5  4  7  7  3  2  8  8


Parentheses do not match!

  (  (  (  (  (  (  (  (  )  )  )  )  (  )  )  )  )  (  )  (  )  )
  1  2  3  4  5  6  7  8  8  7  6  5  9  9  4  3  2 10 10 11 11  1


Parentheses do not match!

  (  (  (  )  (  (  )  (  (  (  )  )  (  )  )  (  )  )  )  (  )  )
  1  2  3  3  4  5  5  6  7  8  8  7  9  9  6 10 10  4  2 11 11  1


Parentheses do not match!


Parentheses do not match!

  (  (  )  (  (  )  (  (  )  (  )  )  )  (  )  )
  1  2  2  3  4  4  5  6  6  7  7  5  3  8  8  1

  (  (  (  (  (  (  (  (  )  )  )  (  )  )  )  (  )  )  )  )  (  )
  1  2  3  4  5  6  7  8  8  7  6  9  9  5  4 10 10  3  2  1 11 11


Parentheses do not match!


Parentheses do not match!

  (  (  )  (  )  (  )  )  (  )
  1  2  2  3  3  4  4  1  5  5


Parentheses do not match!


Parentheses do not match!


Parentheses do not match!


Parentheses do not match!

  (  (  (  (  (  )  )  (  )  (  )  (  )  )  )  (  )  )
  1  2  3  4  5  5  4  6  6  7  7  8  8  3  2  9  9  1

  (  (  )  (  (  (  (  )  )  (  )  )  )  (  )  )
  1  2  2  3  4  5  6  6  5  7  7  4  3  8  8  1

  (  )  (  (  (  (  )  (  )  )  )  )  (  )
  1  1  2  3  4  5  5  6  6  4  3  2  7  7

  (  (  (  (  (  (  (  (  )  )  )  (  )  )  )  )  )  (  )  )  (  )
  1  2  3  4  5  6  7  8  8  7  6  9  9  5  4  3  2 10 10  1 11 11

  (  (  (  )  (  (  (  (  )  (  )  )  (  )  )  )  (  )  )  )  (  )
  1  2  3  3  4  5  6  7  7  8  8  6  9  9  5  4 10 10  2  1 11 11

  (  )  (  (  (  (  (  (  )  )  (  (  )  )  )  )  )  )  (  )  (  )
  1  1  2  3  4  5  6  7  7  6  8  9  9  8  5  4  3  2 10 10 11 11


Parentheses do not match!


Parentheses do not match!


Parentheses do not match!

  (  (  (  (  )  )  )  (  )  )
  1  2  3  4  4  3  2  5  5  1

  (  (  (  (  (  )  )  )  )  )
  1  2  3  4  5  5  4  3  2  1


Parentheses do not match!


Parentheses do not match!


Parentheses do not match!

  (  (  (  (  (  (  )  )  )  (  (  )  (  )  )  )  (  )  )  (  )  )
  1  2  3  4  5  6  6  5  4  7  8  8  9  9  7  3 10 10  2 11 11  1

  (  (  (  (  )  (  )  (  )  (  )  (  )  )  )  )  (  )
  1  2  3  4  4  5  5  6  6  7  7  8  8  3  2  1  9  9

  (  (  (  (  (  )  (  )  )  (  )  )  )  (  )  )
  1  2  3  4  5  5  6  6  4  7  7  3  2  8  8  1

  (  )  (  (  (  (  )  )  )  (  )  (  )  )
  1  1  2  3  4  5  5  4  3  6  6  7  7  2

  (  )  (  (  )  (  (  )  (  (  )  )  )  (  )  )  (  )
  1  1  2  3  3  4  5  5  6  7  7  6  4  8  8  2  9  9


Parentheses do not match!

  (  (  (  (  (  (  )  (  (  )  )  )  )  (  )  )  )  )
  1  2  3  4  5  6  6  7  8  8  7  5  4  9  9  3  2  1

  (  (  )  (  (  (  (  (  )  )  )  )  )  (  )  (  )  )
  1  2  2  3  4  5  6  7  7  6  5  4  3  8  8  9  9  1

  (  (  (  )  (  (  )  (  )  )  (  )  )  )  (  )
  1  2  3  3  4  5  5  6  6  4  7  7  2  1  8  8

  (  (  (  (  (  )  (  )  )  )  )  (  )  (  )  )
  1  2  3  4  5  5  6  6  4  3  2  7  7  8  8  1

  (  (  )  (  (  (  )  )  (  )  )  (  (  )  )  (  )  )
  1  2  2  3  4  5  5  4  6  6  3  7  8  8  7  9  9  1

  (  (  )  (  (  )  )  (  (  (  )  )  )  (  )  )  (  )
  1  2  2  3  4  4  3  5  6  7  7  6  5  8  8  1  9  9

  (  (  )  )  (  )  (  (  (  )  )  )  (  )
  1  2  2  1  3  3  4  5  6  6  5  4  7  7

  (  )  (  (  (  (  (  )  )  (  )  )  (  (  )  )  )  )  (  )
  1  1  2  3  4  5  6  6  5  7  7  4  8  9  9  8  3  2 10 10

  (  (  (  (  (  (  (  )  (  )  )  )  )  (  )  (  )  )  )  (  )  )
  1  2  3  4  5  6  7  7  8  8  6  5  4  9  9 10 10  3  2 11 11  1


Parentheses do not match!

  (  (  (  )  (  )  (  (  )  )  (  )  )  (  )  )
  1  2  3  3  4  4  5  6  6  5  7  7  2  8  8  1


Parentheses do not match!


Parentheses do not match!


Parentheses do not match!


Parentheses do not match!

  (  (  (  (  )  (  )  )  )  )  (  (  )  )
  1  2  3  4  4  5  5  3  2  1  6  7  7  6

  (  (  (  (  )  (  )  )  )  (  )  )  (  )
  1  2  3  4  4  5  5  3  2  6  6  1  7  7

  (  (  (  (  (  )  (  )  (  )  )  )  )  (  (  (  )  (  )  )  )  (  )  )
  1  2  3  4  5  5  6  6  7  7  4  3  2  8  9 10 10 11 11  9  8 12 12  1


Parentheses do not match!

  (  (  (  (  (  (  (  )  )  (  )  )  )  (  )  )  )  )  (  )
  1  2  3  4  5  6  7  7  6  8  8  5  4  9  9  3  2  1 10 10

  (  )  (  (  (  (  )  )  (  )  )  )  (  )
  1  1  2  3  4  5  5  4  6  6  3  2  7  7

  (  (  (  (  )  )  )  (  )  (  (  )  )  (  )  )
  1  2  3  4  4  3  2  5  5  6  7  7  6  8  8  1

  (  (  (  (  (  (  )  (  )  )  )  (  )  )  )  )  (  )
  1  2  3  4  5  6  6  7  7  5  4  8  8  3  2  1  9  9


Parentheses do not match!


Parentheses do not match!


Parentheses do not match!

  (  (  )  (  (  (  )  (  )  )  )  (  (  (  (  )  )  )  )  (  )  (  )  )
  1  2  2  3  4  5  5  6  6  4  3  7  8  9 10 10  9  8  7 11 11 12 12  1


Parentheses do not match!

  (  )  (  (  (  (  )  )  (  )  )  (  )  )
  1  1  2  3  4  5  5  4  6  6  3  7  7  2


Parentheses do not match!


Parentheses do not match!

  (  (  )  )  (  (  (  (  )  )  (  )  )  )  (  )
  1  2  2  1  3  4  5  6  6  5  7  7  4  3  8  8


Parentheses do not match!


Parentheses do not match!


Parentheses do not match!

  (  (  )  (  )  (  (  )  (  (  (  (  )  )  (  )  )  )  )  (  )  (  )  )
  1  2  2  3  3  4  5  5  6  7  8  9  9  8 10 10  7  6  4 11 11 12 12  1


Parentheses do not match!

  (  )  (  (  (  (  (  (  )  )  (  )  )  )  (  )  (  )  )  )  (  )
  1  1  2  3  4  5  6  7  7  6  8  8  5  4  9  9 10 10  3  2 11 11

  (  (  (  (  (  (  (  )  (  )  )  (  )  )  )  (  )  )  )  (  )  )
  1  2  3  4  5  6  7  7  8  8  6  9  9  5  4 10 10  3  2 11 11  1

  (  (  )  (  (  )  )  (  (  )  (  )  )  )  (  )
  1  2  2  3  4  4  3  5  6  6  7  7  5  1  8  8


Parentheses do not match!

  (  (  (  (  )  (  (  (  )  (  (  )  )  )  )  )  (  )  )  )
  1  2  3  4  4  5  6  7  7  8  9  9  8  6  5  3 10 10  2  1


Parentheses do not match!

  (  (  (  (  (  (  )  (  )  )  (  )  )  (  )  )  )  (  )  )
  1  2  3  4  5  6  6  7  7  5  8  8  4  9  9  3  2 10 10  1


Parentheses do not match!


Parentheses do not match!


Parentheses do not match!

  (  )  (  (  (  (  (  (  (  (  )  )  )  (  )  )  )  )  (  )  )  )  (  )
  1  1  2  3  4  5  6  7  8  9  9  8  7 10 10  6  5  4 11 11  3  2 12 12


Parentheses do not match!


Parentheses do not match!

  (  (  )  )  (  )  (  (  (  (  )  (  )  (  )  (  )  )  )  )  (  )
  1  2  2  1  3  3  4  5  6  7  7  8  8  9  9 10 10  6  5  4 11 11


Parentheses do not match!

  (  (  )  (  )  )  (  (  )  )
  1  2  2  3  3  1  4  5  5  4

  (  (  (  (  )  (  (  )  )  )  )  (  )  (  )  )
  1  2  3  4  4  5  6  6  5  3  2  7  7  8  8  1

  (  (  (  (  (  (  (  )  (  )  )  (  )  )  )  )  (  )  )  (  )  )
  1  2  3  4  5  6  7  7  8  8  6  9  9  5  4  3 10 10  2 11 11  1

  (  )  (  (  )  (  (  (  )  (  )  (  )  )  )  )  (  )
  1  1  2  3  3  4  5  6  6  7  7  8  8  5  4  2  9  9

  (  (  (  (  )  )  (  )  )  (  )  )
  1  2  3  4  4  3  5  5  2  6  6  1

  (  (  (  (  (  (  (  (  )  (  )  )  )  (  )  )  )  (  )  )  )  (  )  )
  1  2  3  4  5  6  7  8  8  9  9  7  6 10 10  5  4 11 11  3  2 12 12  1

  (  (  )  )  (  (  (  (  (  (  )  )  )  (  )  (  )  )  )  (  )  )
  1  2  2  1  3  4  5  6  7  8  8  7  6  9  9 10 10  5  4 11 11  3


Parentheses do not match!

  (  (  (  )  )  )  (  (  )  )  (  )  (  (  (  (  )  )  )  (  )  )
  1  2  3  3  2  1  4  5  5  4  6  6  7  8  9 10 10  9  8 11 11  7


Parentheses do not match!


Parentheses do not match!

  (  (  )  )  (  (  (  (  )  (  (  (  )  )  )  (  )  )  )  (  )  )
  1  2  2  1  3  4  5  6  6  7  8  9  9  8  7 10 10  5  4 11 11  3


Parentheses do not match!


Parentheses do not match!

  (  (  )  (  (  (  (  (  (  )  )  (  )  (  )  )  )  (  )  )  )  (  )  )
  1  2  2  3  4  5  6  7  8  8  7  9  9 10 10  6  5 11 11  4  3 12 12  1


Parentheses do not match!


Parentheses do not match!


Parentheses do not match!

  (  (  (  (  )  (  )  (  (  (  )  (  )  )  )  )  )  (  )  (  )  )
  1  2  3  4  4  5  5  6  7  8  8  9  9  7  6  3  2 10 10 11 11  1


Parentheses do not match!

  (  (  (  (  )  (  (  (  )  )  (  )  )  )  )  )  (  (  )  )
  1  2  3  4  4  5  6  7  7  6  8  8  5  3  2  1  9 10 10  9


Parentheses do not match!


Parentheses do not match!

  (  (  )  (  (  (  (  )  )  (  )  )  )  )  (  (  )  (  )  (  )  )
  1  2  2  3  4  5  6  6  5  7  7  4  3  1  8  9  9 10 10 11 11  8


Parentheses do not match!


Parentheses do not match!


Parentheses do not match!


Parentheses do not match!


Parentheses do not match!

  (  (  (  )  (  (  (  (  )  (  )  )  )  )  )  (  )  (  )  )
  1  2  3  3  4  5  6  7  7  8  8  6  5  4  2  9  9 10 10  1

  (  )  (  )  (  (  )  )
  1  1  2  2  3  4  4  3


Parentheses do not match!

  (  )  (  (  (  )  )  (  )  )
  1  1  2  3  4  4  3  5  5  2

  (  (  (  (  (  (  (  )  (  )  )  )  (  )  )  )  )  (  )  )  (  )
  1  2  3  4  5  6  7  7  8  8  6  5  9  9  4  3  2 10 10  1 11 11


Parentheses do not match!

  (  )  (  )  (  (  )  )  (  )  (  )
  1  1  2  2  3  4  4  3  5  5  6  6


Parentheses do not match!

  (  )  (  )  (  (  )  (  (  (  (  )  (  )  )  )  (  )  )  (  )  )
  1  1  2  2  3  4  4  5  6  7  8  8  9  9  7  6 10 10  5 11 11  3


Parentheses do not match!

  (  (  (  (  (  )  (  )  )  )  )  )  (  )  (  )
  1  2  3  4  5  5  6  6  4  3  2  1  7  7  8  8


Parentheses do not match!

  (  (  (  (  )  )  (  (  (  )  )  )  )  (  )  (  )  )
  1  2  3  4  4  3  5  6  7  7  6  5  2  8  8  9  9  1


Parentheses do not match!


Parentheses do not match!


Parentheses do not match!


Parentheses do not match!


Parentheses do not match!

  (  (  (  (  )  )  (  )  )  )  (  )
  1  2  3  4  4  3  5  5  2  1  6  6

  (  (  (  (  (  (  )  (  )  )  (  )  )  )  )  (  )  (  (  )  )  )  (  )
  1  2  3  4  5  6  6  7  7  5  8  8  4  3  2  9  9 10 11 11 10  1 12 12

  (  (  )  (  (  (  (  (  (  (  )  )  )  )  (  )  )  )  (  )  )  )  (  )
  1  2  2  3  4  5  6  7  8  9  9  8  7  6 10 10  5  4 11 11  3  1 12 12

  (  )  (  (  )  (  )  (  (  )  )  )  (  (  )  (  )  )  (  )
  1  1  2  3  3  4  4  5  6  6  5  2  7  8  8  9  9  7 10 10


Parentheses do not match!

  (  (  (  (  )  (  (  (  )  (  (  (  )  )  )  (  )  )  )  (  )  )  )  )  (  )
  1  2  3  4  4  5  6  7  7  8  9 10 10  9  8 11 11  6  5 12 12  3  2  1 13 13


Parentheses do not match!


Parentheses do not match!


Parentheses do not match!


Parentheses do not match!

  (  (  (  )  (  )  )  (  (  )  (  )  )  (  )  )
  1  2  3  3  4  4  2  5  6  6  7  7  5  8  8  1


Parentheses do not match!

  (  )  (  )  (  )  (  )
  1  1  2  2  3  3  4  4

  (  (  (  (  (  )  )  )  )  (  )  (  )  (  )  )
  1  2  3  4  5  5  4  3  2  6  6  7  7  8  8  1


Parentheses do not match!

  (  )  (  (  (  )  )  (  (  )  )  )  (  )  (  )
  1  1  2  3  4  4  3  5  6  6  5  2  7  7  8  8

  (  (  )  (  (  (  (  )  )  )  )  (  )  )  (  )
  1  2  2  3  4  5  6  6  5  4  3  7  7  1  8  8


Parentheses do not match!

  (  (  (  )  )  (  (  )  (  (  (  (  )  (  )  )  )  (  )  )  )  )  (  )
  1  2  3  3  2  4  5  5  6  7  8  9  9 10 10  8  7 11 11  6  4  1 12 12

  (  (  (  (  )  (  (  (  )  )  )  (  )  )  )  (  )  )
  1  2  3  4  4  5  6  7  7  6  5  8  8  3  2  9  9  1

  (  (  )  (  )  (  (  (  )  )  (  )  )  (  )  )
  1  2  2  3  3  4  5  6  6  5  7  7  4  8  8  1

  (  )  (  (  (  (  )  (  )  (  )  )  (  )  )  )  (  )
  1  1  2  3  4  5  5  6  6  7  7  4  8  8  3  2  9  9


Parentheses do not match!

  (  )  (  )  (  )  (  )  (  (  )  )
  1  1  2  2  3  3  4  4  5  6  6  5

  (  (  (  )  )  (  )  )  (  (  (  )  )  )  (  )
  1  2  3  3  2  4  4  1  5  6  7  7  6  5  8  8

  (  (  (  (  )  (  (  (  (  )  )  (  )  )  )  )  )  (  )  (  )  )
  1  2  3  4  4  5  6  7  8  8  7  9  9  6  5  3  2 10 10 11 11  1

  (  (  )  (  )  (  (  (  )  )  )  )  (  )
  1  2  2  3  3  4  5  6  6  5  4  1  7  7

  (  (  (  (  (  (  )  )  )  )  )  )  (  )  (  )
  1  2  3  4  5  6  6  5  4  3  2  1  7  7  8  8

  (  (  )  (  (  )  )  )  (  )
  1  2  2  3  4  4  3  1  5  5

  (  )  (  )  (  )  (  (  )  (  )  )
  1  1  2  2  3  3  4  5  5  6  6  4

  (  (  )  (  (  (  )  (  )  )  )  )  (  )
  1  2  2  3  4  5  5  6  6  4  3  1  7  7


Parentheses do not match!

  (  (  (  )  (  )  (  )  (  (  (  )  (  )  )  )  (  )  )  (  )  )
  1  2  3  3  4  4  5  5  6  7  8  8  9  9  7  6 10 10  2 11 11  1


Parentheses do not match!

  (  (  (  (  (  )  )  (  )  (  )  )  )  (  )  )
  1  2  3  4  5  5  4  6  6  7  7  3  2  8  8  1

  (  (  (  (  (  )  (  (  )  (  )  )  )  (  )  )  )  (  )  )
  1  2  3  4  5  5  6  7  7  8  8  6  4  9  9  3  2 10 10  1

  (  (  (  (  (  (  (  (  )  (  )  (  )  )  )  (  )  )  )  (  )  )  )  )  (  )
  1  2  3  4  5  6  7  8  8  9  9 10 10  7  6 11 11  5  4 12 12  3  2  1 13 13


Parentheses do not match!


Parentheses do not match!

  (  (  )  (  (  )  (  (  (  )  (  )  )  (  )  )  )  (  )  )
  1  2  2  3  4  4  5  6  7  7  8  8  6  9  9  5  3 10 10  1

  (  (  (  (  (  (  )  )  (  )  )  )  (  )  )  )  (  )
  1  2  3  4  5  6  6  5  7  7  4  3  8  8  2  1  9  9

  (  (  (  (  )  (  (  (  (  )  )  )  (  )  )  )  (  )  )  (  )  )
  1  2  3  4  4  5  6  7  8  8  7  6  9  9  5  3 10 10  2 11 11  1

  (  (  )  (  )  )  (  (  (  )  )  (  )  )  (  )
  1  2  2  3  3  1  4  5  6  6  5  7  7  4  8  8

  (  (  (  (  )  )  (  )  (  (  (  (  )  (  )  )  )  )  (  )  )  (  )  )
  1  2  3  4  4  3  5  5  6  7  8  9  9 10 10  8  7  6 11 11  2 12 12  1

  (  (  (  (  )  (  )  )  (  )  )  (  )  )
  1  2  3  4  4  5  5  3  6  6  2  7  7  1

  (  (  (  )  (  )  (  (  )  (  )  (  (  (  )  )  )  (  )  )  )  (  )  )
  1  2  3  3  4  4  5  6  6  7  7  8  9 10 10  9  8 11 11  5  2 12 12  1

  (  )  (  (  )  (  )  (  )  )  (  )
  1  1  2  3  3  4  4  5  5  2  6  6

  (  (  (  (  (  (  (  )  (  (  )  (  )  )  )  )  )  (  )  )  )  (  )  (  )  )
  1  2  3  4  5  6  7  7  8  9  9 10 10  8  6  5  4 11 11  3  2 12 12 13 13  1

  (  (  (  )  (  )  )  (  )  )  (  )
  1  2  3  3  4  4  2  5  5  1  6  6

  (  )  (  )  (  )  (  )  (  )
  1  1  2  2  3  3  4  4  5  5

  (  (  (  (  (  )  (  (  )  )  )  (  )  (  )  )  )  )  (  )
  1  2  3  4  5  5  6  7  7  6  4  8  8  9  9  3  2  1 10 10


Parentheses do not match!


Parentheses do not match!


Parentheses do not match!

  (  (  (  (  (  )  (  (  )  (  )  )  )  )  )  (  )  (  )  )
  1  2  3  4  5  5  6  7  7  8  8  6  4  3  2  9  9 10 10  1


Parentheses do not match!

  (  (  )  (  )  (  )  )  (  )  (  )
  1  2  2  3  3  4  4  1  5  5  6  6

  (  (  (  (  (  (  (  (  )  )  (  )  (  )  )  (  )  )  )  )  )  (  )  (  )  )
  1  2  3  4  5  6  7  8  8  7  9  9 10 10  6 11 11  5  4  3  2 12 12 13 13  1


Parentheses do not match!

  (  (  (  (  )  )  )  (  (  (  (  )  )  )  )  )  (  (  )  )
  1  2  3  4  4  3  2  5  6  7  8  8  7  6  5  1  9 10 10  9


Parentheses do not match!

  (  (  (  (  (  )  (  (  )  )  )  )  (  )  )  )  (  )
  1  2  3  4  5  5  6  7  7  6  4  3  8  8  2  1  9  9

  (  (  )  )  (  (  (  (  (  (  )  )  (  )  )  )  )  (  )  (  )  )
  1  2  2  1  3  4  5  6  7  8  8  7  9  9  6  5  4 10 10 11 11  3


Parentheses do not match!


Parentheses do not match!


Parentheses do not match!

  (  (  )  (  (  (  )  )  (  )  )  )  (  )
  1  2  2  3  4  5  5  4  6  6  3  1  7  7

  (  (  (  )  (  (  (  (  (  )  (  (  )  )  )  )  )  (  )  (  )  )  )  (  )  )
  1  2  3  3  4  5  6  7  8  8  9 10 10  9  7  6  5 11 11 12 12  4  2 13 13  1

  (  (  )  (  (  )  (  )  (  )  )  (  )  )
  1  2  2  3  4  4  5  5  6  6  3  7  7  1

  (  (  (  )  (  (  )  (  )  )  (  (  (  )  (  (  )  )  )  (  )  )  )  (  )  )
  1  2  3  3  4  5  5  6  6  4  7  8  9  9 10 11 11 10  8 12 12  7  2 13 13  1

  (  )  (  (  (  (  (  )  )  (  )  )  )  (  )  )  (  )
  1  1  2  3  4  5  6  6  5  7  7  4  3  8  8  2  9  9

  (  (  (  (  (  (  (  )  (  )  )  )  )  )  (  )  )  (  )  )  (  )
  1  2  3  4  5  6  7  7  8  8  6  5  4  3  9  9  2 10 10  1 11 11

  (  (  (  (  (  (  )  (  )  (  )  )  )  (  )  )  )  (  )  )
  1  2  3  4  5  6  6  7  7  8  8  5  4  9  9  3  2 10 10  1


Parentheses do not match!

  (  (  (  (  (  )  )  (  (  (  (  )  )  (  )  )  )  (  )  )  )  )  (  )
  1  2  3  4  5  5  4  6  7  8  9  9  8 10 10  7  6 11 11  3  2  1 12 12

  (  (  (  )  )  )
  1  2  3  3  2  1


Parentheses do not match!

  (  )  (  (  (  )  (  (  (  (  (  )  )  (  )  )  )  )  )  (  )  (  )  )
  1  1  2  3  4  4  5  6  7  8  9  9  8 10 10  7  6  5  3 11 11 12 12  2


Parentheses do not match!

  (  )  (  )  (  (  )  (  )  (  )  )
  1  1  2  2  3  4  4  5  5  6  6  3

  (  (  (  (  (  (  )  (  )  )  )  (  )  )  )  (  )  )
  1  2  3  4  5  6  6  7  7  5  4  8  8  3  2  9  9  1


Parentheses do not match!


Parentheses do not match!

  (  (  )  (  )  )  (  (  (  (  (  (  )  (  )  )  )  )  )  (  )  (  )  )
  1  2  2  3  3  1  4  5  6  7  8  9  9 10 10  8  7  6  5 11 11 12 12  4


Parentheses do not match!

  (  )  (  (  (  )  (  (  (  )  )  )  (  )  )  )  (  )
  1  1  2  3  4  4  5  6  7  7  6  5  8  8  3  2  9  9

  (  (  )  )  (  )  (  )  (  )  (  (  )  )  (  )
  1  2  2  1  3  3  4  4  5  5  6  7  7  6  8  8


Parentheses do not match!

  (  (  )  (  (  (  (  )  (  )  (  (  (  )  )  )  (  )  )  (  )  )  )  (  )  )
  1  2  2  3  4  5  6  6  7  7  8  9 10 10  9  8 11 11  5 12 12  4  3 13 13  1

  (  (  (  (  (  (  )  )  (  )  )  )  )  )  (  )  (  )
  1  2  3  4  5  6  6  5  7  7  4  3  2  1  8  8  9  9

  (  (  )  )  (  (  (  )  (  (  )  (  )  )  )  )  (  )
  1  2  2  1  3  4  5  5  6  7  7  8  8  6  4  3  9  9

  (  (  )  (  (  (  (  (  (  (  )  )  )  (  )  )  )  (  )  )  (  )  )  (  )  )
  1  2  2  3  4  5  6  7  8  9  9  8  7 10 10  6  5 11 11  4 12 12  3 13 13  1


Parentheses do not match!

  (  (  (  (  )  (  )  (  )  )  )  (  )  )
  1  2  3  4  4  5  5  6  6  3  2  7  7  1

  (  )  (  (  (  (  (  )  )  (  )  )  )  (  )  )
  1  1  2  3  4  5  6  6  5  7  7  4  3  8  8  2


Parentheses do not match!

  (  (  )  (  )  (  (  (  )  (  (  (  )  )  )  )  (  )  )  )  (  )
  1  2  2  3  3  4  5  6  6  7  8  9  9  8  7  5 10 10  4  1 11 11

  (  )  (  (  (  (  (  )  (  )  )  )  )  (  )  (  )  )
  1  1  2  3  4  5  6  6  7  7  5  4  3  8  8  9  9  2

  (  )  (  (  (  (  )  (  (  )  )  (  )  )  )  )  (  )
  1  1  2  3  4  5  5  6  7  7  6  8  8  4  3  2  9  9


Parentheses do not match!

  (  (  )  (  (  (  )  (  )  )  )  (  )  (  (  (  (  )  )  )  )  (  )  )  (  )
  1  2  2  3  4  5  5  6  6  4  3  7  7  8  9 10 11 11 10  9  8 12 12  1 13 13

  (  )  (  (  (  )  )  (  (  )  (  )  (  (  )  (  (  )  )  (  )  )  )  )  (  )
  1  1  2  3  4  4  3  5  6  6  7  7  8  9  9 10 11 11 10 12 12  8  5  2 13 13

  (  (  (  (  (  (  )  )  )  )  (  )  (  )  )  )  (  )
  1  2  3  4  5  6  6  5  4  3  7  7  8  8  2  1  9  9

  (  )  (  (  (  (  (  (  (  (  )  )  (  )  )  (  )  )  )  (  )  )  )  (  )  )
  1  1  2  3  4  5  6  7  8  9  9  8 10 10  7 11 11  6  5 12 12  4  3 13 13  2

  (  )  (  )  (  (  )  )  (  )
  1  1  2  2  3  4  4  3  5  5


Parentheses do not match!

  (  (  (  (  (  (  (  )  )  (  )  )  )  )  )  (  )  )  (  )
  1  2  3  4  5  6  7  7  6  8  8  5  4  3  2  9  9  1 10 10

  (  )  (  (  )  (  (  )  (  (  )  )  )  )  (  )
  1  1  2  3  3  4  5  5  6  7  7  6  4  2  8  8

  (  (  (  (  )  (  )  )  (  )  )  )  (  )
  1  2  3  4  4  5  5  3  6  6  2  1  7  7

  (  )  (  (  (  (  (  (  (  (  )  )  )  )  )  (  )  )  )  (  (  )  )  (  )  )
  1  1  2  3  4  5  6  7  8  9  9  8  7  6  5 10 10  4  3 11 12 12 11 13 13  2

  (  (  (  )  (  (  (  )  )  )  )  (  )  )  (  )
  1  2  3  3  4  5  6  6  5  4  2  7  7  1  8  8

  (  (  (  )  (  (  )  (  (  (  )  )  )  )  )  )  (  (  )  )
  1  2  3  3  4  5  5  6  7  8  8  7  6  4  2  1  9 10 10  9


Parentheses do not match!

  (  )  (  )  (  (  )  (  )  (  (  (  )  )  )  )  (  )
  1  1  2  2  3  4  4  5  5  6  7  8  8  7  6  3  9  9

  (  (  )  (  (  (  (  (  )  (  )  (  )  )  )  (  )  )  )  (  )  )
  1  2  2  3  4  5  6  7  7  8  8  9  9  6  5 10 10  4  3 11 11  1

  (  (  (  (  (  )  (  (  )  )  (  )  )  (  )  )  )  (  )  )
  1  2  3  4  5  5  6  7  7  6  8  8  4  9  9  3  2 10 10  1


Parentheses do not match!

  (  (  (  (  )  (  )  (  )  )  (  )  )  )  (  )
  1  2  3  4  4  5  5  6  6  3  7  7  2  1  8  8

  (  )  (  (  (  (  (  (  )  (  )  )  )  (  )  )  )  (  )  )
  1  1  2  3  4  5  6  7  7  8  8  6  5  9  9  4  3 10 10  2


Parentheses do not match!


Parentheses do not match!

  (  (  (  (  )  (  (  )  (  )  (  )  (  )  )  )  )  )  (  (  )  )
  1  2  3  4  4  5  6  6  7  7  8  8  9  9  5  3  2  1 10 11 11 10

  (  (  (  (  (  (  )  (  (  (  )  )  (  )  )  (  )  )  )  (  )  )  )  (  )  )
  1  2  3  4  5  6  6  7  8  9  9  8 10 10  7 11 11  5  4 12 12  3  2 13 13  1

  (  (  (  )  )  )  (  )  (  )
  1  2  3  3  2  1  4  4  5  5


Parentheses do not match!


Parentheses do not match!

  (  )  (  (  (  (  )  )  (  )  (  )  )  )  (  )
  1  1  2  3  4  5  5  4  6  6  7  7  3  2  8  8

  (  )  (  )  (  (  (  )  )  )  (  (  )  )  (  )
  1  1  2  2  3  4  5  5  4  3  6  7  7  6  8  8


Parentheses do not match!


Parentheses do not match!

  (  (  (  )  (  (  (  (  )  )  (  )  )  )  (  )  )  )  (  )
  1  2  3  3  4  5  6  7  7  6  8  8  5  4  9  9  2  1 10 10

  (  (  (  )  (  (  (  (  (  )  )  (  )  )  )  )  (  )  )  )  (  )
  1  2  3  3  4  5  6  7  8  8  7  9  9  6  5  4 10 10  2  1 11 11

  (  (  )  (  (  (  (  (  )  )  (  (  )  )  )  )  (  )  )  (  )  )
  1  2  2  3  4  5  6  7  7  6  8  9  9  8  5  4 10 10  3 11 11  1

  (  (  (  )  (  (  )  (  )  )  )  (  )  )
  1  2  3  3  4  5  5  6  6  4  2  7  7  1


Parentheses do not match!

  (  (  )  )  (  (  (  )  )  (  )  )  (  )
  1  2  2  1  3  4  5  5  4  6  6  3  7  7


Parentheses do not match!

  (  (  )  (  (  )  (  (  (  )  )  (  )  )  )  (  )  )
  1  2  2  3  4  4  5  6  7  7  6  8  8  5  3  9  9  1


Parentheses do not match!


Parentheses do not match!


Parentheses do not match!


Parentheses do not match!

  (  (  )  (  (  )  )  (  )  )
  1  2  2  3  4  4  3  5  5  1


Parentheses do not match!

  (  (  (  (  )  (  )  (  )  )  )  )  (  )
  1  2  3  4  4  5  5  6  6  3  2  1  7  7

  (  (  (  (  (  (  (  (  (  (  )  )  )  )  )  )  (  (  )  )  )  )  )  )
  1  2  3  4  5  6  7  8  9 10 10  9  8  7  6  5 11 12 12 11  4  3  2  1

  (  (  (  (  (  (  (  (  )  )  )  (  (  )  )  (  (  )  )  )  )  )  )  )  (  )
  1  2  3  4  5  6  7  8  8  7  6  9 10 10  9 11 12 12 11  5  4  3  2  1 13 13


Parentheses do not match!


Parentheses do not match!


Parentheses do not match!


Parentheses do not match!


Parentheses do not match!

  (  (  (  )  (  (  )  (  )  )  )  )  (  )
  1  2  3  3  4  5  5  6  6  4  2  1  7  7

  (  (  (  )  )  (  )  (  (  )  )  )  (  (  )  )  (  )
  1  2  3  3  2  4  4  5  6  6  5  1  7  8  8  7  9  9

  (  )  (  (  )  )  (  (  (  (  )  (  (  )  (  (  )  )  )  )  )  (  )  (  )  )
  1  1  2  3  3  2  4  5  6  7  7  8  9  9 10 11 11 10  8  6  5 12 12 13 13  4

  (  (  (  (  )  )  )  )  (  (  )  )
  1  2  3  4  4  3  2  1  5  6  6  5

  (  )  (  (  (  (  (  )  )  (  )  )  (  )  )  (  )  )
  1  1  2  3  4  5  6  6  5  7  7  4  8  8  3  9  9  2


Parentheses do not match!

  (  (  (  )  (  )  (  (  )  )  )  (  )  )
  1  2  3  3  4  4  5  6  6  5  2  7  7  1

  (  )  (  (  (  )  (  (  (  )  )  )  )  (  )  (  )  )
  1  1  2  3  4  4  5  6  7  7  6  5  3  8  8  9  9  2

  (  (  (  (  (  )  (  (  )  (  )  (  )  )  )  (  )  )  )  )  (  )
  1  2  3  4  5  5  6  7  7  8  8  9  9  6  4 10 10  3  2  1 11 11

  (  (  (  )  (  (  (  )  (  )  )  (  )  (  )  )  )  )  (  )
  1  2  3  3  4  5  6  6  7  7  5  8  8  9  9  4  2  1 10 10

  (  (  (  )  )  (  )  )  (  )  (  (  (  )  (  )  )  (  )  )
  1  2  3  3  2  4  4  1  5  5  6  7  8  8  9  9  7 10 10  6

  (  (  (  (  (  (  (  (  )  )  )  (  )  )  )  )  )  (  )  (  )  )
  1  2  3  4  5  6  7  8  8  7  6  9  9  5  4  3  2 10 10 11 11  1

  (  (  (  (  )  (  (  (  (  )  )  (  )  )  )  (  )  )  )  (  )  )
  1  2  3  4  4  5  6  7  8  8  7  9  9  6  5 10 10  3  2 11 11  1

  (  (  (  (  )  )  (  (  (  )  (  )  )  (  )  )  )  (  )  )
  1  2  3  4  4  3  5  6  7  7  8  8  6  9  9  5  2 10 10  1

  (  (  )  (  )  (  (  (  (  (  (  )  )  (  )  (  )  )  )  )  )  (  )  (  )  )
  1  2  2  3  3  4  5  6  7  8  9  9  8 10 10 11 11  7  6  5  4 12 12 13 13  1


Parentheses do not match!

  (  (  (  (  )  )  )  )
  1  2  3  4  4  3  2  1

  (  )  (  (  )  (  (  (  (  )  )  (  )  )  )  )  (  )
  1  1  2  3  3  4  5  6  7  7  6  8  8  5  4  2  9  9


Parentheses do not match!


Parentheses do not match!


Parentheses do not match!

  (  )  (  (  (  (  (  (  )  (  (  (  )  )  )  (  )  )  )  (  )  )  )  (  )  )
  1  1  2  3  4  5  6  7  7  8  9 10 10  9  8 11 11  6  5 12 12  4  3 13 13  2

  (  (  (  (  (  (  )  (  (  (  )  )  )  )  )  (  )  )  )  (  )  )  (  )
  1  2  3  4  5  6  6  7  8  9  9  8  7  5  4 10 10  3  2 11 11  1 12 12


Parentheses do not match!

  (  (  )  (  (  (  (  (  (  )  )  )  )  (  )  )  )  (  )  )  (  )
  1  2  2  3  4  5  6  7  8  8  7  6  5  9  9  4  3 10 10  1 11 11

  (  (  )  (  (  )  (  )  (  (  )  (  )  )  )  )  (  )
  1  2  2  3  4  4  5  5  6  7  7  8  8  6  3  1  9  9


Parentheses do not match!


Parentheses do not match!


Parentheses do not match!

  (  )  (  )  (  (  )  (  (  (  (  )  )  )  (  )  )  (  )  )  (  )
  1  1  2  2  3  4  4  5  6  7  8  8  7  6  9  9  5 10 10  3 11 11

  (  (  )  )  (  )  (  (  (  (  (  (  (  )  )  )  )  (  )  )  )  (  )  (  )  )
  1  2  2  1  3  3  4  5  6  7  8  9 10 10  9  8  7 11 11  6  5 12 12 13 13  4


Parentheses do not match!

  (  (  )  (  (  )  )  (  (  )  (  (  )  )  (  (  )  )  (  )  )  (  )  )
  1  2  2  3  4  4  3  5  6  6  7  8  8  7  9 10 10  9 11 11  5 12 12  1

  (  (  )  )  (  (  (  (  (  )  )  (  )  )  (  (  )  (  )  )  )  (  )  )  (  )
  1  2  2  1  3  4  5  6  7  7  6  8  8  5  9 10 10 11 11  9  4 12 12  3 13 13

  (  (  )  (  )  )  (  )  (  (  (  )  )  (  )  )
  1  2  2  3  3  1  4  4  5  6  7  7  6  8  8  5


Parentheses do not match!

  (  (  )  )  (  )  (  )  (  (  )  (  )  (  )  )
  1  2  2  1  3  3  4  4  5  6  6  7  7  8  8  5


Parentheses do not match!

  (  (  )  (  (  (  (  )  )  )  (  )  )  (  )  )
  1  2  2  3  4  5  6  6  5  4  7  7  3  8  8  1

  (  (  (  (  (  )  (  (  )  )  (  (  )  )  )  (  )  (  )  )  )  )  (  )
  1  2  3  4  5  5  6  7  7  6  8  9  9  8  4 10 10 11 11  3  2  1 12 12


Parentheses do not match!

  (  (  )  )  (  (  (  (  (  (  )  (  )  )  )  (  )  )  )  (  )  )
  1  2  2  1  3  4  5  6  7  8  8  9  9  7  6 10 10  5  4 11 11  3

  (  (  )  (  (  (  (  )  )  (  )  (  )  )  )  (  (  )  )  (  )  (  )  )
  1  2  2  3  4  5  6  6  5  7  7  8  8  4  3  9 10 10  9 11 11 12 12  1


Parentheses do not match!

  (  (  )  (  )  (  )  (  )  )
  1  2  2  3  3  4  4  5  5  1

  (  )  (  (  (  (  (  (  (  (  )  )  )  )  (  )  )  )  (  )  )  )  (  )
  1  1  2  3  4  5  6  7  8  9  9  8  7  6 10 10  5  4 11 11  3  2 12 12


Parentheses do not match!

  (  (  (  )  (  (  )  (  )  (  (  (  )  (  )  (  )  )  )  )  )  (  )  (  )  )
  1  2  3  3  4  5  5  6  6  7  8  9  9 10 10 11 11  8  7  4  2 12 12 13 13  1

  (  )  (  )  (  )  (  (  (  (  )  (  )  )  )  (  )  )
  1  1  2  2  3  3  4  5  6  7  7  8  8  6  5  9  9  4

  (  )  (  (  )  (  (  )  (  )  )  (  )  )  (  )
  1  1  2  3  3  4  5  5  6  6  4  7  7  2  8  8

  (  (  (  )  )  (  (  )  )  )  (  (  )  )
  1  2  3  3  2  4  5  5  4  1  6  7  7  6

  (  (  )  (  (  (  (  (  (  )  (  (  (  )  )  )  )  )  )  (  )  )  )  )  (  )
  1  2  2  3  4  5  6  7  8  8  9 10 11 11 10  9  7  6  5 12 12  4  3  1 13 13

  (  )  (  (  (  (  (  (  )  (  )  )  )  (  )  )  )  )  (  (  )  )
  1  1  2  3  4  5  6  7  7  8  8  6  5  9  9  4  3  2 10 11 11 10

  (  (  (  (  (  (  )  (  )  )  )  (  )  )  (  )  )  (  )  )
  1  2  3  4  5  6  6  7  7  5  4  8  8  3  9  9  2 10 10  1


Parentheses do not match!

  (  (  (  )  (  (  )  )  )  )  (  )  (  )
  1  2  3  3  4  5  5  4  2  1  6  6  7  7


Parentheses do not match!

  (  (  (  )  (  )  (  )  (  )  )  (  )  )
  1  2  3  3  4  4  5  5  6  6  2  7  7  1

  (  (  )  )  (  (  (  (  )  )  (  )  (  (  (  )  )  )  )  (  )  )  (  )
  1  2  2  1  3  4  5  6  6  5  7  7  8  9 10 10  9  8  4 11 11  3 12 12

  (  (  (  (  )  )  (  (  (  (  )  (  )  )  )  )  )  (  )  (  )  (  )  )  (  )
  1  2  3  4  4  3  5  6  7  8  8  9  9  7  6  5  2 10 10 11 11 12 12  1 13 13

  (  (  )  (  (  (  )  (  (  )  (  )  )  )  )  (  )  (  )  )
  1  2  2  3  4  5  5  6  7  7  8  8  6  4  3  9  9 10 10  1

  (  (  (  (  (  (  (  (  )  )  (  )  )  )  )  )  (  (  )  )  )  )  (  )
  1  2  3  4  5  6  7  8  8  7  9  9  6  5  4  3 10 11 11 10  2  1 12 12


Parentheses do not match!


Parentheses do not match!


Parentheses do not match!

  (  (  (  (  )  (  )  (  )  )  )  (  )  )  (  )  (  )
  1  2  3  4  4  5  5  6  6  3  2  7  7  1  8  8  9  9


Parentheses do not match!


Parentheses do not match!

  (  (  (  (  )  (  )  )  (  (  )  )  )  )  (  )  (  )
  1  2  3  4  4  5  5  3  6  7  7  6  2  1  8  8  9  9


Parentheses do not match!

