1 * 1 = 1 = 1
1 * 9 = 9 = 9
4 * 6 = 24 = 24
14 * 2 = 4 + 8 + 16 = 28
7 * 8 = 8 + 16 + 32 = 56
8 * 16 = 128 = 128
11 * 12 = 12 + 24 + 96 = 132
12 * 12 = 48 + 96 = 144
1 * 197 = 197 = 197
36 * 6 = 24 + 192 = 216
11 * 21 = 21 + 42 + 168 = 231
38 * 7 = 14 + 28 + 224 = 266
1 * 333 = 333 = 333
149 * 3 = 3 + 12 + 48 + 384 = 447
62 * 10 = 20 + 40 + 80 + 160 + 320 = 620
7 * 104 = 104 + 208 + 416 = 728
38 * 30 = 60 + 120 + 960 = 1140
171 * 7 = 7 + 14 + 56 + 224 + 896 = 1197
36 * 36 = 144 + 1152 = 1296
27 * 49 = 49 + 98 + 392 + 784 = 1323
28 * 52 = 208 + 416 + 832 = 1456
9 * 164 = 164 + 1312 = 1476
34 * 50 = 100 + 1600 = 1700
40 * 46 = 368 + 1472 = 1840
95 * 24 = 24 + 48 + 96 + 192 + 384 + 1536 = 2280
8 * 286 = 2288 = 2288
15 * 180 = 180 + 360 + 720 + 1440 = 2700
25 * 112 = 112 + 896 + 1792 = 2800
121 * 27 = 27 + 216 + 432 + 864 + 1728 = 3267
92 * 37 = 148 + 296 + 592 + 2368 = 3404
66 * 52 = 104 + 3328 = 3432
104 * 34 = 272 + 1088 + 2176 = 3536
49 * 86 = 86 + 1376 + 2752 = 4214
73 * 62 = 62 + 496 + 3968 = 4526
86 * 53 = 106 + 212 + 848 + 3392 = 4558
19 * 241 = 241 + 482 + 3856 = 4579
188 * 26 = 104 + 208 + 416 + 832 + 3328 = 4888
4 * 1230 = 4920 = 4920
87 * 58 = 58 + 116 + 232 + 928 + 3712 = 5046
40 * 131 = 1048 + 4192 = 5240
85 * 65 = 65 + 260 + 1040 + 4160 = 5525
64 * 95 = 6080 = 6080
46 * 152 = 304 + 608 + 1216 + 4864 = 6992
159 * 44 = 44 + 88 + 176 + 352 + 704 + 5632 = 6996
28 * 272 = 1088 + 2176 + 4352 = 7616
176 * 47 = 752 + 1504 + 6016 = 8272
241 * 35 = 35 + 560 + 1120 + 2240 + 4480 = 8435
17 * 566 = 566 + 9056 = 9622
65 * 162 = 162 + 10368 = 10530
146 * 76 = 152 + 1216 + 9728 = 11096
238 * 52 = 104 + 208 + 416 + 1664 + 3328 + 6656 = 12376
1 * 14126 = 14126 = 14126
200 * 76 = 608 + 4864 + 9728 = 15200
242 * 68 = 136 + 1088 + 2176 + 4352 + 8704 = 16456
3342 * 5 = 10 + 20 + 40 + 1280 + 5120 + 10240 = 16710
30 * 577 = 1154 + 2308 + 4616 + 9232 = 17310
156 * 120 = 480 + 960 + 1920 + 15360 = 18720
367 * 52 = 52 + 104 + 208 + 416 + 1664 + 3328 + 13312 = 19084
84 * 228 = 912 + 3648 + 14592 = 19152
371 * 57 = 57 + 114 + 912 + 1824 + 3648 + 14592 = 21147
